
Lmod is automatically replacing "intel/2020.1.217" with "gcc/9.3.0".


Due to MODULEPATH changes, the following have been reloaded:
  1) openmpi/4.0.3

Loading required package: GenomicRanges
Loading required package: stats4
Loading required package: BiocGenerics

Attaching package: ‘BiocGenerics’

The following objects are masked from ‘package:stats’:

    IQR, mad, sd, var, xtabs

The following objects are masked from ‘package:base’:

    anyDuplicated, aperm, append, as.data.frame, basename, cbind,
    colnames, dirname, do.call, duplicated, eval, evalq, Filter, Find,
    get, grep, grepl, intersect, is.unsorted, lapply, Map, mapply,
    match, mget, order, paste, pmax, pmax.int, pmin, pmin.int,
    Position, rank, rbind, Reduce, rownames, sapply, setdiff, sort,
    table, tapply, union, unique, unsplit, which.max, which.min

Loading required package: S4Vectors

Attaching package: ‘S4Vectors’

The following objects are masked from ‘package:base’:

    expand.grid, I, unname

Loading required package: IRanges
Loading required package: GenomeInfoDb
Loading required package: bettermc
Loading required package: gsl
Loading required package: distr
Loading required package: startupmsg
:startupmsg>  Utilities for Start-Up Messages (version 0.9.6)
:startupmsg> 
:startupmsg>  For more information see ?"startupmsg",
:startupmsg>  NEWS("startupmsg")

Loading required package: sfsmisc
:distr>  Object Oriented Implementation of Distributions (version
:distr>  2.9.2)
:distr> 
:distr>  Attention: Arithmetics on distribution objects are
:distr>  understood as operations on corresponding random variables
:distr>  (r.v.s); see distrARITH().
:distr> 
:distr>  Some functions from package 'stats' are intentionally masked
:distr>  ---see distrMASK().
:distr> 
:distr>  Note that global options are controlled by distroptions()
:distr>  ---c.f. ?"distroptions".
:distr> 
:distr>  For more information see ?"distr", NEWS("distr"), as well as
:distr>    http://distr.r-forge.r-project.org/
:distr>  Package "distrDoc" provides a vignette to this package as
:distr>  well as to several extension packages; try
:distr>  vignette("distr").


Attaching package: ‘distr’

The following objects are masked from ‘package:GenomicRanges’:

    gaps, width, width<-

The following objects are masked from ‘package:IRanges’:

    gaps, sd, width, width<-

The following objects are masked from ‘package:S4Vectors’:

    sd, width

The following objects are masked from ‘package:BiocGenerics’:

    sd, type, width, width<-

The following objects are masked from ‘package:stats’:

    df, qqplot, sd

Loading required package: miloR
Loading required package: edgeR
Loading required package: limma

Attaching package: ‘limma’

The following object is masked from ‘package:BiocGenerics’:

    plotMA

Loading required package: Biostrings
Loading required package: XVector

Attaching package: ‘Biostrings’

The following object is masked from ‘package:base’:

    strsplit


Attaching package: ‘seqinr’

The following object is masked from ‘package:Biostrings’:

    translate

The following object is masked from ‘package:limma’:

    zscore

Error in (function (bams, refGenome, tgtLoci, outputs = NULL, f = 0, F = 0,  : 
  Length of all parameters must be 1, or match bams length
Calls: hetSNPsFromRNA -> getAllelicExpression -> do.call -> <Anonymous>
In addition: Warning message:
In getAllelicExpression(SNPs, refGenome, BAMs, ...) :
  No valid BAM labels found.  Setting to generic Sample1, Sample2, Sample3, etc.
Execution halted
